<?xml version="1.0" encoding="UTF-8"?>
<!-- Generated by org.testng.reporters.JUnitReportReporter -->
<testsuite skipped="0" hostname="WKWIN3243333" name="com.tests.ValidateHomePage" tests="2" failures="0" timestamp="28 Jun 2020 05:59:05 GMT" time="6.898" errors="0">
  <testcase name="validateHomePage" time="6.113" classname="com.tests.ValidateHomePage"/>
  <testcase name="validateText" time="0.785" classname="com.tests.ValidateHomePage"/>
</testsuite> <!-- com.tests.ValidateHomePage -->
