<?xml version="1.0" encoding="UTF-8"?>
<!-- Generated by org.testng.reporters.JUnitReportReporter -->
<testsuite skipped="0" hostname="WKWIN3243333" name="com.tests.ValidateHomePage" tests="2" failures="0" timestamp="28 Jun 2020 08:54:44 GMT" time="20.161" errors="0">
  <testcase name="validateHomePage" time="19.017" classname="com.tests.ValidateHomePage"/>
  <testcase name="validateText" time="1.144" classname="com.tests.ValidateHomePage"/>
</testsuite> <!-- com.tests.ValidateHomePage -->
